<?xml version="1.0" encoding="UTF-8"?>
<testsuite name="Chrome_120742122_Mac_OS.checkNumbersOnlyTest" errors="1" failures="0" tests="1" time="0.0010">
<testcase classname="Chrome_120742122_Mac_OS.checkNumbersOnlyTest" name="testCheckNumbersOnlyTest" time="0.0010">
<error type="error">[{"arguments":["match",null],"message":"Cannot call method 'match' of undefined","name":"TypeError","stack":"TypeError: Cannot call method 'match' of undefined\n    at checkNumbersOnly (http://localhost:9876/test/src/greeterApp.js:13:22)\n    at [object Object].testCheckNumbersOnlyTest (http://localhost:9876/test/test/GreeterTest.js:28:14)\n    at [object Object].runTest (http://localhost:9876/static/runner.js:1537:32)\n    at b (http://localhost:9876/static/runner.js:356:12532)\n    at nextTest (http://localhost:9876/static/runner.js:1442:16)\n    at [object Object].pausingRunTestLoop [as runTestLoop_] (http://localhost:9876/static/runner.js:1454:5)\n    at [object Object].runTestConfiguration (http://localhost:9876/static/runner.js:1498:8)\n    at [object Object].runTestConfiguration (http://localhost:9876/static/runner.js:1853:33)\n    at [object Object].dispatch_ (http://localhost:9876/static/runner.js:356:16679)\n    at [object Object].runTestConfiguration (http://localhost:9876/static/runner.js:356:17107)","type":"non_object_property_call"}]</error>
</testcase>
</testsuite>
