<?xml version="1.0" encoding="UTF-8"?>
<testsuite name="Chrome_120742122_Mac_OS.checkMsgTest" errors="0" failures="0" tests="1" time="0.0">
<testcase classname="Chrome_120742122_Mac_OS.checkMsgTest" name="testCheckMsg" time="0.0"/>
</testsuite>
