<?xml version="1.0" encoding="UTF-8"?>
<testsuite name="Chrome_120742122_Mac_OS.simpleNumbersOnlyTest" errors="0" failures="0" tests="1" time="0.01">
<testcase classname="Chrome_120742122_Mac_OS.simpleNumbersOnlyTest" name="testSimpleNumbersOnly" time="0.01"/>
</testsuite>
